1765633451,UCI_CTG_NSPbin,pstree,base,13,tuple index out of range,"Traceback (most recent call last): |   File ""/home/dengou/LGO_1130/run_v3_8_2.py"", line 831, in main |     run_once(args, method, experiment, seed) |   File ""/home/dengou/LGO_1130/run_v3_8_2.py"", line 750, in run_once |     if (not np.all(np.isfinite(y_prob))) or y_prob.shape[0]!=y_te.shape[0]: | IndexError: tuple index out of range | "
1765633603,UCI_CTG_NSPbin,pstree,base,21,tuple index out of range,"Traceback (most recent call last): |   File ""/home/dengou/LGO_1130/run_v3_8_2.py"", line 831, in main |     run_once(args, method, experiment, seed) |   File ""/home/dengou/LGO_1130/run_v3_8_2.py"", line 750, in run_once |     if (not np.all(np.isfinite(y_prob))) or y_prob.shape[0]!=y_te.shape[0]: | IndexError: tuple index out of range | "
1765633908,UCI_CTG_NSPbin,pstree,base,55,tuple index out of range,"Traceback (most recent call last): |   File ""/home/dengou/LGO_1130/run_v3_8_2.py"", line 831, in main |     run_once(args, method, experiment, seed) |   File ""/home/dengou/LGO_1130/run_v3_8_2.py"", line 750, in run_once |     if (not np.all(np.isfinite(y_prob))) or y_prob.shape[0]!=y_te.shape[0]: | IndexError: tuple index out of range | "
